<?xml version="1.0" encoding="UTF-8"?>
<testng-results skipped="0" failed="0" total="1" passed="1">
  <reporter-output>
  </reporter-output>
  <suite name="Default suite" duration-ms="6977" started-at="2014-03-16T18:39:49Z" finished-at="2014-03-16T18:39:56Z">
    <groups>
    </groups>
    <test name="Default test" duration-ms="6977" started-at="2014-03-16T18:39:49Z" finished-at="2014-03-16T18:39:56Z">
      <class name="newGroup.myGroup.App">
        <test-method status="PASS" signature="testChangingServer()[pri:0, instance:newGroup.myGroup.App@64633e5e]" name="testChangingServer" duration-ms="6961" started-at="2014-03-16T11:39:49Z" finished-at="2014-03-16T11:39:56Z">
          <reporter-output>
          </reporter-output>
        </test-method> <!-- testChangingServer -->
      </class> <!-- newGroup.myGroup.App -->
    </test> <!-- Default test -->
  </suite> <!-- Default suite -->
</testng-results>
